No config path provided, using default 'drizzle.config.js'
Reading config file 'C:\Users\Mujjo\Desktop\new-medixra\drizzle.config.js'
[dotenv@17.3.1] injecting env (0) from .env -- tip: ΓÜÖ∩╕Å  write to custom object with { processEnv: myObject }
Using 'postgres' driver for database querying
[Γú╖] Pulling schema from database...
[2K[1G[Γú»] Pulling schema from database...
[2K[1G[Γúƒ] Pulling schema from database...
[2K[1G[Γí┐] Pulling schema from database...
[2K[1G[Γó┐] Pulling schema from database...
[2K[1G[Γú╗] Pulling schema from database...
[2K[1G[Γú╜] Pulling schema from database...
[2K[1G[Γú╖] Pulling schema from database...
[2K[1G[Γú»] Pulling schema from database...
[2K[1G[Γúƒ] Pulling schema from database...
[2K[1G[Γí┐] Pulling schema from database...
[2K[1G[Γó┐] Pulling schema from database...
[2K[1G[Γú╗] Pulling schema from database...
[2K[1G[Γú╜] Pulling schema from database...
[2K[1G[Γú╖] Pulling schema from database...
[2K[1G[Γú»] Pulling schema from database...
[2K[1G[Γúƒ] Pulling schema from database...
[2K[1G[Γí┐] Pulling schema from database...
[2K[1G[Γó┐] Pulling schema from database...
[2K[1G[Γú╗] Pulling schema from database...
[2K[1G[Γú╜] Pulling schema from database...
[2K[1G[Γú╖] Pulling schema from database...
[2K[1G[Γú»] Pulling schema from database...
[2K[1G[Γúƒ] Pulling schema from database...
[2K[1G[Γí┐] Pulling schema from database...
[2K[1G[Γó┐] Pulling schema from database...
[2K[1G[Γú╗] Pulling schema from database...
[2K[1G[Γú╜] Pulling schema from database...
[2K[1G[Γú╖] Pulling schema from database...
[2K[1G[Γú»] Pulling schema from database...
[2K[1G[Γúƒ] Pulling schema from database...
[2K[1G[Γí┐] Pulling schema from database...
[2K[1G[Γó┐] Pulling schema from database...
[2K[1G[Γú╗] Pulling schema from database...
[2K[1G[Γú╜] Pulling schema from database...
[2K[1G[Γú╖] Pulling schema from database...
[2K[1G[Γú»] Pulling schema from database...
[2K[1G[Γúƒ] Pulling schema from database...
[2K[1G[Γí┐] Pulling schema from database...
[2K[1G[Γó┐] Pulling schema from database...
[2K[1G[Γú╗] Pulling schema from database...
[2K[1G[Γú╜] Pulling schema from database...
[2K[1G[Γú╖] Pulling schema from database...
[2K[1G[Γú»] Pulling schema from database...
[2K[1G[Γúƒ] Pulling schema from database...
[2K[1G[Γí┐] Pulling schema from database...
[2K[1G[Γó┐] Pulling schema from database...
[2K[1G[Γú╗] Pulling schema from database...
[2K[1G[Γú╜] Pulling schema from database...
[2K[1G[Γú╖] Pulling schema from database...
[2K[1G[Γú»] Pulling schema from database...
[2K[1G[Γúƒ] Pulling schema from database...
[2K[1G[Γí┐] Pulling schema from database...
[2K[1G[Γó┐] Pulling schema from database...
[2K[1G[Γú╗] Pulling schema from database...
[2K[1G[Γú╜] Pulling schema from database...
[2K[1G[Γú╖] Pulling schema from database...
[2K[1G[Γú»] Pulling schema from database...
[2K[1G[Γúƒ] Pulling schema from database...
[2K[1G[Γí┐] Pulling schema from database...
[2K[1G[Γó┐] Pulling schema from database...
[2K[1G[Γú╗] Pulling schema from database...
[2K[1G[Γú╜] Pulling schema from database...
[2K[1G[Γú╖] Pulling schema from database...
[2K[1G[Γú»] Pulling schema from database...
[2K[1G[Γúƒ] Pulling schema from database...
[2K[1G[Γí┐] Pulling schema from database...
[2K[1G[Γó┐] Pulling schema from database...
[2K[1G[Γú╗] Pulling schema from database...
[2K[1G[Γú╜] Pulling schema from database...
[2K[1G[Γú╖] Pulling schema from database...
[2K[1G[Γú»] Pulling schema from database...
[2K[1G[Γúƒ] Pulling schema from database...
[2K[1G[Γí┐] Pulling schema from database...
[2K[1G[Γó┐] Pulling schema from database...
[2K[1G[Γú╗] Pulling schema from database...
[2K[1G[Γú╜] Pulling schema from database...
[2K[1G[Γú╖] Pulling schema from database...
[2K[1G[Γú»] Pulling schema from database...
[2K[1G[Γúƒ] Pulling schema from database...
[2K[1G[Γí┐] Pulling schema from database...
[2K[1G[Γó┐] Pulling schema from database...
[2K[1G[Γú╗] Pulling schema from database...
[2K[1G[Γú╜] Pulling schema from database...
[2K[1G[Γú╖] Pulling schema from database...
[2K[1G[Γú»] Pulling schema from database...
npx : C:\Users\Mujjo\Desktop\new-medixra\nod
e_modules\drizzle-kit\bin.cjs:19578
At line:1 char:1
+ npx drizzle-kit push > drizzle_err.log 
2>&1
+ 
~~~~~~~~~~~~~~~~~~~~~~~~~~~~~~~~~~~~~~~~~~~
    + CategoryInfo          : NotSpecified: 
    (C:\Users\Mujjo\...t\bin.cjs:19578:Str  
  ing) [], RemoteException
    + FullyQualifiedErrorId : NativeCommand 
   Error
 
              checkValue = 
checkValue.replace(/^CHECK\s*\(\(/, 
"").replace(/\)\)\s*$/, "");
                                      ^

TypeError: Cannot read properties of 
undefined (reading 'replace')
    at C:\Users\Mujjo\Desktop\new-medixra\no
de_modules\drizzle-kit\bin.cjs:19578:39
    at process.processTicksAndRejections 
(node:internal/process/task_queues:95:5)

Node.js v20.19.6
